Unity Editor version:    2020.3.30f1 (1fb1bf06830e)
Branch:                  2020.3/staging
Build type:              Release
Batch mode:              YES
macOS version:           Version 12.2.1 (Build 21D62)
Darwin version:          21.3.0
Architecture:            x86_64
Running under Rosetta:   YES
Available memory:        8192 MB
Using pre-set license
Pro License: NO

COMMAND LINE ARGUMENTS:
/Applications/Unity/Hub/Editor/2020.3.30f1/Unity.app/Contents/MacOS/Unity
-adb2
-batchMode
-noUpm
-name
AssetImportWorker0
-projectPath
/Users/forrestmorgan/Documents/GitHub/Gamer
-logFile
Logs/AssetImportWorker0.log
-srvPort
49484
Successfully changed project path to: /Users/forrestmorgan/Documents/GitHub/Gamer
/Users/forrestmorgan/Documents/GitHub/Gamer
Using Asset Import Pipeline V2.
Refreshing native plugins compatible for Editor in 116.40 ms, found 1 plugins.
Preloading 0 native plugins for Editor in 0.00 ms.
Initialize engine version: 2020.3.30f1 (1fb1bf06830e)
[Subsystems] Discovering subsystems at path /Applications/Unity/Hub/Editor/2020.3.30f1/Unity.app/Contents/Resources/UnitySubsystems
[Subsystems] Discovering subsystems at path /Users/forrestmorgan/Documents/GitHub/Gamer/Assets
GfxDevice: creating device client; threaded=0
2022-03-31 09:47:46.591 Unity[1520:48823] (null) preferred device: Apple M1 (high power)
2022-03-31 09:47:46.591 Unity[1520:48823] Metal devices available: 1
2022-03-31 09:47:46.591 Unity[1520:48823] 0: Apple M1 (high power)
2022-03-31 09:47:46.591 Unity[1520:48823] Using device Apple M1 (high power)
Initializing Metal device caps: Apple M1
Initialize mono
Mono path[0] = '/Applications/Unity/Hub/Editor/2020.3.30f1/Unity.app/Contents/Managed'
Mono path[1] = '/Applications/Unity/Hub/Editor/2020.3.30f1/Unity.app/Contents/MonoBleedingEdge/lib/mono/unityjit'
Mono config path = '/Applications/Unity/Hub/Editor/2020.3.30f1/Unity.app/Contents/MonoBleedingEdge/etc'
Using monoOptions --debugger-agent=transport=dt_socket,embedding=1,server=y,suspend=n,address=127.0.0.1:56520
Begin MonoManager ReloadAssembly
Registering precompiled unity dll's ...
Register platform support module: /Applications/Unity/Hub/Editor/2020.3.30f1/Unity.app/Contents/PlaybackEngines/MacStandaloneSupport/UnityEditor.OSXStandalone.Extensions.dll
Registered in 0.001557 seconds.
Native extension for OSXStandalone target not found
Refreshing native plugins compatible for Editor in 64.85 ms, found 1 plugins.
Preloading 0 native plugins for Editor in 0.00 ms.
Mono: successfully reloaded assembly
- Completed reload, in  2.047 seconds
Domain Reload Profiling:
	ReloadAssembly (2047ms)
		BeginReloadAssembly (156ms)
			ExecutionOrderSort (0ms)
			DisableScriptedObjects (0ms)
			BackupInstance (0ms)
			ReleaseScriptingObjects (0ms)
			CreateAndSetChildDomain (4ms)
		EndReloadAssembly (1696ms)
			LoadAssemblies (152ms)
			RebuildTransferFunctionScriptingTraits (0ms)
			SetupTypeCache (287ms)
			ReleaseScriptCaches (0ms)
			RebuildScriptCaches (68ms)
			SetupLoadedEditorAssemblies (883ms)
				LogAssemblyErrors (0ms)
				InitializePlatformSupportModulesInManaged (17ms)
				SetLoadedEditorAssemblies (1ms)
				RefreshPlugins (65ms)
				BeforeProcessingInitializeOnLoad (131ms)
				ProcessInitializeOnLoadAttributes (495ms)
				ProcessInitializeOnLoadMethodAttributes (172ms)
				AfterProcessingInitializeOnLoad (0ms)
				EditorAssembliesLoaded (2ms)
			ExecutionOrderSort2 (0ms)
			AwakeInstancesAfterBackupRestoration (0ms)
Platform modules already initialized, skipping
Registering precompiled user dll's ...
Registered in 0.002395 seconds.
Begin MonoManager ReloadAssembly
Native extension for OSXStandalone target not found
Refreshing native plugins compatible for Editor in 64.21 ms, found 1 plugins.
Preloading 0 native plugins for Editor in 0.00 ms.
Mono: successfully reloaded assembly
- Completed reload, in  2.819 seconds
Domain Reload Profiling:
	ReloadAssembly (2823ms)
		BeginReloadAssembly (383ms)
			ExecutionOrderSort (0ms)
			DisableScriptedObjects (49ms)
			BackupInstance (0ms)
			ReleaseScriptingObjects (0ms)
			CreateAndSetChildDomain (50ms)
		EndReloadAssembly (2295ms)
			LoadAssemblies (286ms)
			RebuildTransferFunctionScriptingTraits (0ms)
			SetupTypeCache (445ms)
			ReleaseScriptCaches (1ms)
			RebuildScriptCaches (123ms)
			SetupLoadedEditorAssemblies (944ms)
				LogAssemblyErrors (0ms)
				InitializePlatformSupportModulesInManaged (16ms)
				SetLoadedEditorAssemblies (1ms)
				RefreshPlugins (64ms)
				BeforeProcessingInitializeOnLoad (278ms)
				ProcessInitializeOnLoadAttributes (547ms)
				ProcessInitializeOnLoadMethodAttributes (37ms)
				AfterProcessingInitializeOnLoad (1ms)
				EditorAssembliesLoaded (0ms)
			ExecutionOrderSort2 (0ms)
			AwakeInstancesAfterBackupRestoration (50ms)
Platform modules already initialized, skipping
Validating Project structure ... 0.007561 seconds.
Shader import version has changed; will reimport all shaders...
Upgrading shader files ...0.033800 seconds.
Application.AssetDatabase Initial Script Refresh Start
RefreshInfo: InitialScriptRefreshV2(NoUpdateAssetOptions) scanfilter:  ... 1 filters
RefreshProfiler: Total: 0.000ms
Application.AssetDatabase Initial Script Refresh End
Application.AssetDatabase.Refresh Start
Application.AssetDatabase.Refresh End
RefreshInfo: StopAssetImportingV2(ForceSynchronousImport) scanfilter: 
RefreshProfiler: Total: 0.000ms
Launching external process: /Applications/Unity/Hub/Editor/2020.3.30f1/Unity.app/Contents/Tools/UnityShaderCompiler
Launched and connected shader compiler UnityShaderCompiler after 0.34 seconds
Initializing Unity extensions:
2022-03-31 09:47:58.443 Unity[1520:48823] NSEventModifierFlagFunction specified to -setKeyEquivalentModifierMask: for item <NSMenuItem: 0x600000727480 Font Asset, ke='Command-F12'>, but is only supported for system-provided menu items; will not be used
2022-03-31 09:47:58.449 Unity[1520:48823] NSEventModifierFlagFunction specified to -setKeyEquivalentModifierMask: for item <NSMenuItem: 0x600000731500 Font Asset, ke='Command-F12'>, but is only supported for system-provided menu items; will not be used
========================================================================
Worker process is ready to serve import requests
Refreshing native plugins compatible for Editor in 0.47 ms, found 1 plugins.
Preloading 0 native plugins for Editor in 0.00 ms.
Unloading 2404 Unused Serialized files (Serialized files now loaded: 0)
System memory in use before: 222.8 MB.
System memory in use after: 222.8 MB.

Unloading 145 unused Assets to reduce memory usage. Loaded Objects now: 2909.
Total: 3.256834 ms (FindLiveObjects: 0.150458 ms CreateObjectMapping: 0.078333 ms MarkObjects: 2.737292 ms  DeleteObjects: 0.289667 ms)

AssetImportParameters requested are different than current active one (requested -> active):
  custom:video-decoder-ogg-theora: a1e56fd34408186e4bbccfd4996cb3dc -> 
  custom:container-muxer-webm: aa71ff27fc2769a1b78a27578f13a17b -> 
  custom:container-demuxer-webm: 4f35f7cbe854078d1ac9338744f61a02 -> 
  custom:container-demuxer-ogg: 62fdf1f143b41e24485cea50d1cbac27 -> 
  custom:video-encoder-webm-vp8: eb34c28f22e8b96e1ab97ce403110664 -> 
  custom:framework-osx-AVFoundation: e770b220cccbd017edd2c1fefb359320 -> 
  custom:video-decoder-webm-vp8: 9c59270c3fd7afecdb556c50c9e8de78 -> 
  custom:audio-decoder-ogg-vorbis: bf7c407c2cedff20999df2af8eb42d56 -> 
  custom:audio-encoder-webm-vorbis: bf7c407c2cedff20999df2af8eb42d56 -> 
========================================================================
Received Import Request.
  path: Assets/Imported Assets/SimpleNaturePack/Textures
  artifactKey: Guid(2d44b6cffc02046488649c55d0f4d79e) Importer(815301076,1909f56bfc062723c751e8b465ee728b)
Start importing Assets/Imported Assets/SimpleNaturePack/Textures using Guid(2d44b6cffc02046488649c55d0f4d79e) Importer(815301076,1909f56bfc062723c751e8b465ee728b)  -> (artifact id: '1f4be1b1f9995252c20895ec8bcdabda') in 0.011525 seconds 
========================================================================
Received Prepare
Registering precompiled user dll's ...
Registered in 0.001612 seconds.
Begin MonoManager ReloadAssembly
Native extension for OSXStandalone target not found
Refreshing native plugins compatible for Editor in 0.50 ms, found 1 plugins.
Preloading 0 native plugins for Editor in 0.00 ms.
2022-03-31 10:43:52.101 Unity[1520:48823] NSEventModifierFlagFunction specified to -setKeyEquivalentModifierMask: for item <NSMenuItem: 0x60000075edf0 Font Asset, ke='Command-F12'>, but is only supported for system-provided menu items; will not be used
Mono: successfully reloaded assembly
- Completed reload, in  2.901 seconds
Domain Reload Profiling:
	ReloadAssembly (2903ms)
		BeginReloadAssembly (329ms)
			ExecutionOrderSort (0ms)
			DisableScriptedObjects (58ms)
			BackupInstance (0ms)
			ReleaseScriptingObjects (0ms)
			CreateAndSetChildDomain (86ms)
		EndReloadAssembly (2425ms)
			LoadAssemblies (320ms)
			RebuildTransferFunctionScriptingTraits (0ms)
			SetupTypeCache (440ms)
			ReleaseScriptCaches (1ms)
			RebuildScriptCaches (107ms)
			SetupLoadedEditorAssemblies (1003ms)
				LogAssemblyErrors (0ms)
				InitializePlatformSupportModulesInManaged (23ms)
				SetLoadedEditorAssemblies (2ms)
				RefreshPlugins (1ms)
				BeforeProcessingInitializeOnLoad (388ms)
				ProcessInitializeOnLoadAttributes (548ms)
				ProcessInitializeOnLoadMethodAttributes (40ms)
				AfterProcessingInitializeOnLoad (1ms)
				EditorAssembliesLoaded (0ms)
			ExecutionOrderSort2 (0ms)
			AwakeInstancesAfterBackupRestoration (51ms)
Platform modules already initialized, skipping
Refreshing native plugins compatible for Editor in 0.47 ms, found 1 plugins.
Preloading 0 native plugins for Editor in 0.00 ms.
Unloading 2361 Unused Serialized files (Serialized files now loaded: 0)
System memory in use before: 219.7 MB.
System memory in use after: 219.9 MB.

Unloading 6 unused Assets to reduce memory usage. Loaded Objects now: 2912.
Total: 3.038000 ms (FindLiveObjects: 0.142667 ms CreateObjectMapping: 0.075000 ms MarkObjects: 2.770916 ms  DeleteObjects: 0.048292 ms)

AssetImportParameters requested are different than current active one (requested -> active):
  custom:video-decoder-ogg-theora: a1e56fd34408186e4bbccfd4996cb3dc -> 
  custom:container-muxer-webm: aa71ff27fc2769a1b78a27578f13a17b -> 
  custom:container-demuxer-webm: 4f35f7cbe854078d1ac9338744f61a02 -> 
  custom:container-demuxer-ogg: 62fdf1f143b41e24485cea50d1cbac27 -> 
  custom:video-encoder-webm-vp8: eb34c28f22e8b96e1ab97ce403110664 -> 
  custom:framework-osx-AVFoundation: e770b220cccbd017edd2c1fefb359320 -> 
  custom:video-decoder-webm-vp8: 9c59270c3fd7afecdb556c50c9e8de78 -> 
  custom:audio-decoder-ogg-vorbis: bf7c407c2cedff20999df2af8eb42d56 -> 
  custom:audio-encoder-webm-vorbis: bf7c407c2cedff20999df2af8eb42d56 -> 
========================================================================
Received Import Request.
  Time since last request: 2591.434962 seconds.
  path: Assets/Duped Scene.unity
  artifactKey: Guid(dc65883a4055b48c1a035ee5bca9c6d3) Importer(815301076,1909f56bfc062723c751e8b465ee728b)
Start importing Assets/Duped Scene.unity using Guid(dc65883a4055b48c1a035ee5bca9c6d3) Importer(815301076,1909f56bfc062723c751e8b465ee728b)  -> (artifact id: '89ac004a36463854a5e0cb659e86610a') in 0.036817 seconds 
========================================================================
Received Import Request.
  Time since last request: 0.709252 seconds.
  path: Assets/Main.unity
  artifactKey: Guid(b414472e9337b4749849a805c6d9a639) Importer(815301076,1909f56bfc062723c751e8b465ee728b)
Start importing Assets/Main.unity using Guid(b414472e9337b4749849a805c6d9a639) Importer(815301076,1909f56bfc062723c751e8b465ee728b)  -> (artifact id: 'b89095bc03ce927b880fc0ecceb6b4d4') in 0.008592 seconds 
